{"numTotalTestSuites":10,"numPassedTestSuites":10,"numFailedTestSuites":0,"numPendingTestSuites":0,"numTotalTests":21,"numPassedTests":21,"numFailedTests":0,"numPendingTests":0,"numTodoTests":0,"snapshot":{"added":0,"failure":false,"filesAdded":0,"filesRemoved":0,"filesRemovedList":[],"filesUnmatched":0,"filesUpdated":0,"matched":0,"total":0,"unchecked":0,"uncheckedKeysByFile":[],"unmatched":0,"updated":0,"didUpdate":false},"startTime":1775789663965,"success":true,"testResults":[{"assertionResults":[{"ancestorTitles":["example"],"fullName":"example should pass","status":"passed","title":"should pass","duration":3.536999999998443,"failureMessages":[],"meta":{}}],"startTime":1775789674834,"endTime":1775789674837.537,"status":"passed","message":"","name":"C:/Users/42195/Documents/googla-builder1s/googla-builder1s-main/src/test/example.test.ts"},{"assertionResults":[{"ancestorTitles":["useSubscription Hook"],"fullName":"useSubscription Hook should return initial loading state","status":"passed","title":"should return initial loading state","duration":40.200300000000425,"failureMessages":[],"meta":{}},{"ancestorTitles":["useSubscription Hook"],"fullName":"useSubscription Hook should return isPro true if user has active subscription","status":"passed","title":"should return isPro true if user has active subscription","duration":83.0031999999992,"failureMessages":[],"meta":{}},{"ancestorTitles":["useSubscription Hook"],"fullName":"useSubscription Hook should return isPro false if user has no subscription","status":"passed","title":"should return isPro false if user has no subscription","duration":77.20139999999992,"failureMessages":[],"meta":{}},{"ancestorTitles":["useSubscription Hook"],"fullName":"useSubscription Hook should return isPro false when user is not authenticated","status":"passed","title":"should return isPro false when user is not authenticated","duration":76.35539999999855,"failureMessages":[],"meta":{}}],"startTime":1775789676157,"endTime":1775789676434.3555,"status":"passed","message":"","name":"C:/Users/42195/Documents/googla-builder1s/googla-builder1s-main/src/hooks/useSubscription.test.tsx"},{"assertionResults":[{"ancestorTitles":["Pricing Page Integration"],"fullName":"Pricing Page Integration renders all pricing plans","status":"passed","title":"renders all pricing plans","duration":150.47099999999955,"failureMessages":[],"meta":{}},{"ancestorTitles":["Pricing Page Integration"],"fullName":"Pricing Page Integration renders correct CTA buttons for each plan","status":"passed","title":"renders correct CTA buttons for each plan","duration":59.37219999999979,"failureMessages":[],"meta":{}},{"ancestorTitles":["Pricing Page Integration"],"fullName":"Pricing Page Integration renders correct prices","status":"passed","title":"renders correct prices","duration":64.16390000000138,"failureMessages":[],"meta":{}},{"ancestorTitles":["Pricing Page Integration"],"fullName":"Pricing Page Integration clicking Free plan CTA triggers navigation (no priceId)","status":"passed","title":"clicking Free plan CTA triggers navigation (no priceId)","duration":94.49139999999898,"failureMessages":[],"meta":{}},{"ancestorTitles":["Pricing Page Integration"],"fullName":"Pricing Page Integration displays features for each plan","status":"passed","title":"displays features for each plan","duration":52.22149999999965,"failureMessages":[],"meta":{}},{"ancestorTitles":["Pricing Page Integration"],"fullName":"Pricing Page Integration shows PRO CHOICE badge on highlighted plan","status":"passed","title":"shows PRO CHOICE badge on highlighted plan","duration":24.098100000001068,"failureMessages":[],"meta":{}},{"ancestorTitles":["Pricing Page Integration"],"fullName":"Pricing Page Integration displays trust badges at the bottom","status":"passed","title":"displays trust badges at the bottom","duration":28.291800000000876,"failureMessages":[],"meta":{}}],"startTime":1775789676742,"endTime":1775789677216.2917,"status":"passed","message":"","name":"C:/Users/42195/Documents/googla-builder1s/googla-builder1s-main/src/pages/Pricing.test.tsx"},{"assertionResults":[{"ancestorTitles":["Button Component"],"fullName":"Button Component renders with text correctly","status":"passed","title":"renders with text correctly","duration":128.56960000000072,"failureMessages":[],"meta":{}},{"ancestorTitles":["Button Component"],"fullName":"Button Component calls onClick handler when clicked","status":"passed","title":"calls onClick handler when clicked","duration":29.472200000000157,"failureMessages":[],"meta":{}},{"ancestorTitles":["Button Component"],"fullName":"Button Component is disabled when the disabled prop is passed","status":"passed","title":"is disabled when the disabled prop is passed","duration":13.518500000000131,"failureMessages":[],"meta":{}},{"ancestorTitles":["Button Component"],"fullName":"Button Component renders with different variants (Swiss Brutalism check)","status":"passed","title":"renders with different variants (Swiss Brutalism check)","duration":56.386899999999514,"failureMessages":[],"meta":{}}],"startTime":1775789676277,"endTime":1775789676505.387,"status":"passed","message":"","name":"C:/Users/42195/Documents/googla-builder1s/googla-builder1s-main/src/components/ui/Button.test.tsx"},{"assertionResults":[{"ancestorTitles":["Tax Utility"],"fullName":"Tax Utility should return correct tax rate for Slovakia (SK)","status":"passed","title":"should return correct tax rate for Slovakia (SK)","duration":3.509200000000419,"failureMessages":[],"meta":{}},{"ancestorTitles":["Tax Utility"],"fullName":"Tax Utility should return correct tax rate for Czechia (CZ)","status":"passed","title":"should return correct tax rate for Czechia (CZ)","duration":1.0609000000004016,"failureMessages":[],"meta":{}},{"ancestorTitles":["Tax Utility"],"fullName":"Tax Utility should return default tax rate for unknown countries","status":"passed","title":"should return default tax rate for unknown countries","duration":0.40970000000015716,"failureMessages":[],"meta":{}},{"ancestorTitles":["Tax Utility"],"fullName":"Tax Utility should calculate tax correctly for SK","status":"passed","title":"should calculate tax correctly for SK","duration":0.8898000000008324,"failureMessages":[],"meta":{}},{"ancestorTitles":["Tax Utility"],"fullName":"Tax Utility should round tax amounts correctly","status":"passed","title":"should round tax amounts correctly","duration":0.8870999999999185,"failureMessages":[],"meta":{}}],"startTime":1775789674857,"endTime":1775789674863.8872,"status":"passed","message":"","name":"C:/Users/42195/Documents/googla-builder1s/googla-builder1s-main/supabase/functions/_shared/tax.test.ts"}]}